TIME: 22:12:54 METHOD: POST URL: /api/users/register HTTPVERSION: 1.1 STATUS: 400 USERAGENT: PostmanRuntime/7.32.3 RESPONDTIME: 2.818 
TIME: 22:13:02 METHOD: POST URL: /api/users/register HTTPVERSION: 1.1 STATUS: 400 USERAGENT: PostmanRuntime/7.32.3 RESPONDTIME: 0.974 
TIME: 22:13:22 METHOD: POST URL: /api/users/register HTTPVERSION: 1.1 STATUS: 400 USERAGENT: PostmanRuntime/7.32.3 RESPONDTIME: 1.289 
TIME: 22:14:01 METHOD: POST URL: /api/users/register HTTPVERSION: 1.1 STATUS: 400 USERAGENT: PostmanRuntime/7.32.3 RESPONDTIME: 0.564 
TIME: 22:14:37 METHOD: POST URL: /api/users/register HTTPVERSION: 1.1 STATUS: 400 USERAGENT: PostmanRuntime/7.32.3 RESPONDTIME: 0.431 
TIME: 22:15:59 METHOD: POST URL: /api/users/register HTTPVERSION: 1.1 STATUS: 400 USERAGENT: PostmanRuntime/7.32.3 RESPONDTIME: 8.511 
TIME: 22:16:08 METHOD: POST URL: /api/users/register HTTPVERSION: 1.1 STATUS: 400 USERAGENT: PostmanRuntime/7.32.3 RESPONDTIME: 9.535 
TIME: 22:17:03 METHOD: POST URL: /api/users/register HTTPVERSION: 1.1 STATUS: 400 USERAGENT: PostmanRuntime/7.32.3 RESPONDTIME: 10.486 
TIME: 22:17:34 METHOD: POST URL: /api/users/register HTTPVERSION: 1.1 STATUS: 400 USERAGENT: PostmanRuntime/7.32.3 RESPONDTIME: 9.206 
TIME: 22:19:02 METHOD: POST URL: /api/users/register HTTPVERSION: 1.1 STATUS: 400 USERAGENT: PostmanRuntime/7.32.3 RESPONDTIME: 1.086 
TIME: 22:19:35 METHOD: POST URL: /api/users/register HTTPVERSION: 1.1 STATUS: 400 USERAGENT: PostmanRuntime/7.32.3 RESPONDTIME: 1.454 
TIME: 22:20:07 METHOD: POST URL: /api/users/register HTTPVERSION: 1.1 STATUS: 400 USERAGENT: PostmanRuntime/7.32.3 RESPONDTIME: 0.721 
TIME: 22:20:16 METHOD: POST URL: /api/users/register HTTPVERSION: 1.1 STATUS: 400 USERAGENT: PostmanRuntime/7.32.3 RESPONDTIME: 0.727 
TIME: 22:20:19 METHOD: POST URL: /api/users/register HTTPVERSION: 1.1 STATUS: 400 USERAGENT: PostmanRuntime/7.32.3 RESPONDTIME: 0.533 
TIME: 22:21:32 METHOD: POST URL: /api/users/register HTTPVERSION: 1.1 STATUS: 400 USERAGENT: PostmanRuntime/7.32.3 RESPONDTIME: 0.995 
TIME: 22:21:48 METHOD: POST URL: /api/users/register HTTPVERSION: 1.1 STATUS: 400 USERAGENT: PostmanRuntime/7.32.3 RESPONDTIME: 0.784 
TIME: 22:21:49 METHOD: POST URL: /api/users/register HTTPVERSION: 1.1 STATUS: 400 USERAGENT: PostmanRuntime/7.32.3 RESPONDTIME: 1.033 
TIME: 22:23:42 METHOD: POST URL: /api/users/login/d HTTPVERSION: 1.1 STATUS: 404 USERAGENT: PostmanRuntime/7.32.3 RESPONDTIME: 23.306 
TIME: 22:44:04 METHOD: GET URL: /api/cards/cards/:id HTTPVERSION: 1.1 STATUS: 400 USERAGENT: Mozilla/5.0 (Windows NT 10.0; Win64; x64; rv:109.0) Gecko/20100101 Firefox/114.0 RESPONDTIME: 18.124 
TIME: 22:50:34 METHOD: GET URL: /api/cards/get-card-likes/ HTTPVERSION: 1.1 STATUS: 400 USERAGENT: PostmanRuntime/7.32.3 RESPONDTIME: 30.529 
TIME: 22:51:06 METHOD: PATCH URL: /api/cards/cards/64a9a75214828880080e86fb HTTPVERSION: 1.1 STATUS: 400 USERAGENT: PostmanRuntime/7.32.3 RESPONDTIME: 8.457 
TIME: 22:51:31 METHOD: PATCH URL: /api/cards/cards/64a9a75214828880080e86fb HTTPVERSION: 1.1 STATUS: 400 USERAGENT: PostmanRuntime/7.32.3 RESPONDTIME: 5.631 
TIME: 22:51:51 METHOD: PATCH URL: /api/cards/cards/64a9a75214828880080e86fb HTTPVERSION: 1.1 STATUS: 400 USERAGENT: PostmanRuntime/7.32.3 RESPONDTIME: 5.449 
TIME: 22:52:04 METHOD: PATCH URL: /api/cards/cards/64a9a75214828880080e86fb HTTPVERSION: 1.1 STATUS: 400 USERAGENT: PostmanRuntime/7.32.3 RESPONDTIME: 40.512 
TIME: 22:52:14 METHOD: PATCH URL: /api/cards/cards/64a9a75214828880080e86fb HTTPVERSION: 1.1 STATUS: 400 USERAGENT: PostmanRuntime/7.32.3 RESPONDTIME: 42.420 
TIME: 22:52:32 METHOD: PATCH URL: /api/cards/cards/64a9a75214828880080e86fb HTTPVERSION: 1.1 STATUS: 400 USERAGENT: PostmanRuntime/7.32.3 RESPONDTIME: 42.822 
TIME: 22:52:44 METHOD: PATCH URL: /api/cards/cards/64a9a75214828880080e86fb HTTPVERSION: 1.1 STATUS: 400 USERAGENT: PostmanRuntime/7.32.3 RESPONDTIME: 49.986 
TIME: 22:53:01 METHOD: PATCH URL: /api/cards/cards/64a9a75214828880080e86fb HTTPVERSION: 1.1 STATUS: 400 USERAGENT: PostmanRuntime/7.32.3 RESPONDTIME: 34.080 
TIME: 22:58:24 METHOD: GET URL: /api/cards/getCart HTTPVERSION: 1.1 STATUS: 401 USERAGENT: PostmanRuntime/7.32.3 RESPONDTIME: 22.108 
TIME: 00:50:03 METHOD: GET URL: /api/users/users HTTPVERSION: 1.1 STATUS: 401 USERAGENT: PostmanRuntime/7.32.3 RESPONDTIME: 1.139 
TIME: 00:50:21 METHOD: GET URL: /api/users/user/asdas HTTPVERSION: 1.1 STATUS: 401 USERAGENT: PostmanRuntime/7.32.3 RESPONDTIME: 1.281 
TIME: 00:52:03 METHOD: PUT URL: /api/users/edit/asdas HTTPVERSION: 1.1 STATUS: 401 USERAGENT: PostmanRuntime/7.32.3 RESPONDTIME: 1.068 
TIME: 00:52:39 METHOD: PATCH URL: /api/users/users HTTPVERSION: 1.1 STATUS: 404 USERAGENT: PostmanRuntime/7.32.3 RESPONDTIME: 1.257 
TIME: 00:52:43 METHOD: PATCH URL: /api/users/users/ HTTPVERSION: 1.1 STATUS: 404 USERAGENT: PostmanRuntime/7.32.3 RESPONDTIME: 0.744 
TIME: 00:53:13 METHOD: PATCH URL: /api/users/user/das HTTPVERSION: 1.1 STATUS: 401 USERAGENT: PostmanRuntime/7.32.3 RESPONDTIME: 17.334 
TIME: 00:53:30 METHOD: DELETE URL: /api/users/delete/asd HTTPVERSION: 1.1 STATUS: 401 USERAGENT: PostmanRuntime/7.32.3 RESPONDTIME: 2.681 
TIME: 00:55:17 METHOD: PUT URL: /api/cards/cars HTTPVERSION: 1.1 STATUS: 404 USERAGENT: PostmanRuntime/7.32.3 RESPONDTIME: 21.665 
TIME: 00:55:27 METHOD: DELETE URL: /api/cards/delete/asd HTTPVERSION: 1.1 STATUS: 401 USERAGENT: PostmanRuntime/7.32.3 RESPONDTIME: 2.322 
TIME: 00:55:45 METHOD: PATCH URL: /api/cards/cart/asd HTTPVERSION: 1.1 STATUS: 401 USERAGENT: PostmanRuntime/7.32.3 RESPONDTIME: 0.699 
TIME: 00:56:15 METHOD: PUT URL: /api/cards/edit/asd HTTPVERSION: 1.1 STATUS: 401 USERAGENT: PostmanRuntime/7.32.3 RESPONDTIME: 0.569 
TIME: 00:56:30 METHOD: POST URL: /api/cards/create/ HTTPVERSION: 1.1 STATUS: 401 USERAGENT: PostmanRuntime/7.32.3 RESPONDTIME: 0.523 
TIME: 00:59:30 METHOD: PUT URL: /api/users/user/asd HTTPVERSION: 1.1 STATUS: 404 USERAGENT: PostmanRuntime/7.32.3 RESPONDTIME: 1.322 
TIME: 00:59:35 METHOD: PUT URL: /api/users/edit/asd HTTPVERSION: 1.1 STATUS: 400 USERAGENT: PostmanRuntime/7.32.3 RESPONDTIME: 6.345 
TIME: 01:03:20 METHOD: DELETE URL: /api/users/user/64a9c536ec22679b47b6001c HTTPVERSION: 1.1 STATUS: 404 USERAGENT: PostmanRuntime/7.32.3 RESPONDTIME: 0.596 
TIME: 01:06:06 METHOD: PUT URL: /api/cards/edir/sad HTTPVERSION: 1.1 STATUS: 404 USERAGENT: PostmanRuntime/7.32.3 RESPONDTIME: 0.557 
TIME: 01:06:51 METHOD: DELETE URL: /api/cards/cart/sad HTTPVERSION: 1.1 STATUS: 404 USERAGENT: PostmanRuntime/7.32.3 RESPONDTIME: 0.918 
TIME: 01:08:40 METHOD: GET URL: /api/users/users/ HTTPVERSION: 1.1 STATUS: 403 USERAGENT: PostmanRuntime/7.32.3 RESPONDTIME: 1.967 
TIME: 01:08:55 METHOD: GET URL: /api/users/users/asd HTTPVERSION: 1.1 STATUS: 404 USERAGENT: PostmanRuntime/7.32.3 RESPONDTIME: 1.369 
TIME: 01:09:01 METHOD: GET URL: /api/users/user/asd HTTPVERSION: 1.1 STATUS: 400 USERAGENT: PostmanRuntime/7.32.3 RESPONDTIME: 2.554 
TIME: 01:10:26 METHOD: PATCH URL: /api/users/user/64a9c536ec22679b47b60022 HTTPVERSION: 1.1 STATUS: 403 USERAGENT: PostmanRuntime/7.32.3 RESPONDTIME: 2.756 
TIME: 01:10:34 METHOD: PATCH URL: /api/users/user/64a9c536ec22679b47b6001c HTTPVERSION: 1.1 STATUS: 403 USERAGENT: PostmanRuntime/7.32.3 RESPONDTIME: 1.730 
TIME: 01:11:55 METHOD: POST URL: /api/cards/create/ HTTPVERSION: 1.1 STATUS: 403 USERAGENT: PostmanRuntime/7.32.3 RESPONDTIME: 1.581 
TIME: 01:12:11 METHOD: PUT URL: /api/cards/edit/asda HTTPVERSION: 1.1 STATUS: 403 USERAGENT: PostmanRuntime/7.32.3 RESPONDTIME: 0.977 
TIME: 01:13:42 METHOD: DELETE URL: /api/cards/delete/asda HTTPVERSION: 1.1 STATUS: 403 USERAGENT: PostmanRuntime/7.32.3 RESPONDTIME: 2.045 
TIME: 01:14:09 METHOD: GET URL: /api/users/user/asda HTTPVERSION: 1.1 STATUS: 400 USERAGENT: PostmanRuntime/7.32.3 RESPONDTIME: 3.154 
